PhantomJS is launching GhostDriver...
[INFO  - 2016-02-18T14:30:23.687Z] GhostDriver - Main - running on port 51453
[INFO  - 2016-02-18T14:30:24.595Z] Session [25df5500-d64c-11e5-bc8f-67d7b9dba9f2] - CONSTRUCTOR - Desired Capabilities: {"platform":"ANY","browserName":"phantomjs","version":"","javascriptEnabled":true}
[INFO  - 2016-02-18T14:30:24.595Z] Session [25df5500-d64c-11e5-bc8f-67d7b9dba9f2] - CONSTRUCTOR - Negotiated Capabilities: {"browserName":"phantomjs","version":"1.9.0","driverName":"ghostdriver","driverVersion":"1.0.3","platform":"linux-unknown-64bit","javascriptEnabled":true,"takesScreenshot":true,"handlesAlerts":false,"databaseEnabled":false,"locationContextEnabled":false,"applicationCacheEnabled":false,"browserConnectionEnabled":false,"cssSelectorsEnabled":true,"webStorageEnabled":false,"rotatable":false,"acceptSslCerts":false,"nativeEvents":true,"proxy":{"proxyType":"direct"}}
[INFO  - 2016-02-18T14:30:24.595Z] SessionManagerReqHand - _postNewSessionCommand - New Session Created: 25df5500-d64c-11e5-bc8f-67d7b9dba9f2
TypeError: 'undefined' is not an object (evaluating 'window.videojs[this.eb].canPlaySource')

  https://kissanime.to/Scripts/video-js/video.js:73
  https://kissanime.to/Anime/Peach-Girl/Episode-005?id=40853:700 in SetPlayer
  https://kissanime.to/Anime/Peach-Girl/Episode-005?id=40853:691
  https://kissanime.to/Scripts/jquery17.min.js:3
  https://kissanime.to/Scripts/jquery17.min.js:3
  https://kissanime.to/Scripts/jquery17.min.js:3
  https://kissanime.to/Scripts/jquery17.min.js:3
  https://kissanime.to/Scripts/jquery17.min.js:2
  https://kissanime.to/Scripts/jquery17.min.js:2
  https://kissanime.to/Scripts/jquery17.min.js:3
  https://kissanime.to/Scripts/jquery17.min.js:3
  https://kissanime.to/Anime/Peach-Girl/Episode-005?id=40853:695
TypeError: 'null' is not an object (evaluating 'doc.innerHTML')

  https://static.popads.net/js/trustguard.js:3 in addlink
  https://static.popads.net/js/trustguard.js:4 in addall
  https://static.popads.net/js/trustguard.js:5
TypeError: 'undefined' is not a function (evaluating '$(".user_vote").hoverIntent(config)')

  https://www.vibrantmedia.com/wp-content/themes/vibrant-theme/library/js/my_voter_script.js?ver=4.2.4:8
  https://kissanime.to/Scripts/jquery17.min.js:2
  https://kissanime.to/Scripts/jquery17.min.js:2
  https://kissanime.to/Scripts/jquery17.min.js:2
  https://www.vibrantmedia.com/wp-content/themes/vibrant-theme/library/js/my_voter_script.js?ver=4.2.4:52
ReferenceError: Can't find variable: gadgets

  https://ssl.gstatic.com/accounts/o/2536007149-postmessagerelay.js:11
  https://ssl.gstatic.com/accounts/o/2536007149-postmessagerelay.js:11
SyntaxError: Parse error

SyntaxError: Parse error

SyntaxError: Parse error

SyntaxError: Parse error

SyntaxError: Parse error

ReferenceError: Can't find variable: icl_vars

  https://adsterra.com/wp-content/plugins/sitepress-multilingual-cms/res/js/sitepress.js:2
